1643846923223	geckodriver	INFO	Listening on 127.0.0.1:51240
1643846933848	geckodriver	INFO	Listening on 127.0.0.1:51266
1643847014278	geckodriver	INFO	Listening on 127.0.0.1:51391
1643847175895	geckodriver	INFO	Listening on 127.0.0.1:51720
1643847178965	mozrunner::runner	INFO	Running command: "C:\\Program Files\\Mozilla Firefox\\firefox.exe" "--marionette" "--remote-debugging-port" "51721" "-no-remote" "-profile" "C:\\Users\\ARVIND~1\\AppData\\Local\\Temp\\rust_mozprofileYGOzRm"
1643847182510	Marionette	INFO	Marionette enabled
console.warn: SearchSettings: "get: No settings file exists, new profile?" (new NotFoundError("Could not open the file at C:\\Users\\Arvind Rathnashyam\\AppData\\Local\\Temp\\rust_mozprofileYGOzRm\\search.json.mozlz4", (void 0)))
console.error: Region.jsm: "Error fetching region" (new Error("TIMEOUT", "resource://gre/modules/Region.jsm", 772))
console.error: Region.jsm: "Failed to fetch region" (new Error("TIMEOUT", "resource://gre/modules/Region.jsm", 419))
DevTools listening on ws://localhost:51721/devtools/browser/5d2e3fa6-5792-436a-b408-07a57cb88643
1643847207044	Marionette	INFO	Listening on port 51730
1643847210362	RemoteAgent	WARN	TLS certificate errors will be ignored for this session
JavaScript warning: https://moovitapp.com/c3650cdf-216a-4ba2-80b0-9d6c540b105e58d2670b-ea0f-484e-b88c-0e2c1499ec9bd71e4b42-8570-44e3-89b6-845326fa43b6, line 1: WEBGL_debug_renderer_info is deprecated in Firefox and will be removed. Please use RENDERER.
Unable to read VR Path Registry from C:\Users\Arvind Rathnashyam\AppData\Local\openvr\openvrpaths.vrpath

###!!! [Parent][RunMessage] Error: Channel closing: too late to send/recv, messages will be lost

JavaScript warning: https://moovitapp.com/c3650cdf-216a-4ba2-80b0-9d6c540b105e58d2670b-ea0f-484e-b88c-0e2c1499ec9bd71e4b42-8570-44e3-89b6-845326fa43b6, line 1: WEBGL_debug_renderer_info is deprecated in Firefox and will be removed. Please use RENDERER.

###!!! [Child][MessageChannel] Error: (msgtype=0x5A0008,name=PHttpChannel::Msg_DeletingChannel) Channel closing: too late to send/recv, messages will be lost


###!!! [Child][MessageChannel] Error: (msgtype=0x5A0008,name=PHttpChannel::Msg_DeletingChannel) Channel closing: too late to send/recv, messages will be lost


###!!! [Child][MessageChannel] Error: (msgtype=0x5A0008,name=PHttpChannel::Msg_DeletingChannel) Channel closing: too late to send/recv, messages will be lost


###!!! [Child][MessageChannel] Error: (msgtype=0x5A0008,name=PHttpChannel::Msg_DeletingChannel) Channel closing: too late to send/recv, messages will be lost


###!!! [Child][MessageChannel] Error: (msgtype=0x5A0008,name=PHttpChannel::Msg_DeletingChannel) Channel closing: too late to send/recv, messages will be lost


###!!! [Child][MessageChannel] Error: (msgtype=0x5A0008,name=PHttpChannel::Msg_DeletingChannel) Channel closing: too late to send/recv, messages will be lost


###!!! [Child][MessageChannel] Error: (msgtype=0x5A0008,name=PHttpChannel::Msg_DeletingChannel) Channel closing: too late to send/recv, messages will be lost


###!!! [Child][MessageChannel] Error: (msgtype=0x5A0008,name=PHttpChannel::Msg_DeletingChannel) Channel closing: too late to send/recv, messages will be lost


###!!! [Child][MessageChannel] Error: (msgtype=0x5A0008,name=PHttpChannel::Msg_DeletingChannel) Channel closing: too late to send/recv, messages will be lost


###!!! [Child][MessageChannel] Error: (msgtype=0x5A0008,name=PHttpChannel::Msg_DeletingChannel) Channel closing: too late to send/recv, messages will be lost


###!!! [Child][MessageChannel] Error: (msgtype=0x5A0008,name=PHttpChannel::Msg_DeletingChannel) Channel closing: too late to send/recv, messages will be lost


###!!! [Child][MessageChannel] Error: (msgtype=0x5A0008,name=PHttpChannel::Msg_DeletingChannel) Channel closing: too late to send/recv, messages will be lost


###!!! [Child][MessageChannel] Error: (msgtype=0x5A0008,name=PHttpChannel::Msg_DeletingChannel) Channel closing: too late to send/recv, messages will be lost


###!!! [Child][MessageChannel] Error: (msgtype=0x5A0008,name=PHttpChannel::Msg_DeletingChannel) Channel closing: too late to send/recv, messages will be lost


###!!! [Child][MessageChannel] Error: (msgtype=0x5A0008,name=PHttpChannel::Msg_DeletingChannel) Channel closing: too late to send/recv, messages will be lost


###!!! [Child][RunMessage] Error: Channel closing: too late to send/recv, messages will be lost

JavaScript warning: https://moovitapp.com/c3650cdf-216a-4ba2-80b0-9d6c540b105e58d2670b-ea0f-484e-b88c-0e2c1499ec9bd71e4b42-8570-44e3-89b6-845326fa43b6, line 1: WEBGL_debug_renderer_info is deprecated in Firefox and will be removed. Please use RENDERER.
1643847291828	Marionette	INFO	Stopped listening on port 51730
console.warn: TopSitesFeed: Failed to fetch data from Contile server: NetworkError when attempting to fetch resource.
JavaScript error: chrome://remote/content/marionette/cert.js, line 55: NS_ERROR_NOT_AVAILABLE: Component returned failure code: 0x80040111 (NS_ERROR_NOT_AVAILABLE) [nsICertOverrideService.setDisableAllSecurityChecksAndLetAttackersInterceptMyData]
1643847361780	geckodriver	INFO	Listening on 127.0.0.1:52266
1643847364842	mozrunner::runner	INFO	Running command: "C:\\Program Files\\Mozilla Firefox\\firefox.exe" "--marionette" "--remote-debugging-port" "52267" "-no-remote" "-profile" "C:\\Users\\ARVIND~1\\AppData\\Local\\Temp\\rust_mozprofilezaVVvh"
1643847365254	Marionette	INFO	Marionette enabled
console.warn: SearchSettings: "get: No settings file exists, new profile?" (new NotFoundError("Could not open the file at C:\\Users\\Arvind Rathnashyam\\AppData\\Local\\Temp\\rust_mozprofilezaVVvh\\search.json.mozlz4", (void 0)))
DevTools listening on ws://localhost:52267/devtools/browser/7603b05d-27f8-48fb-9821-08e3791b6300
1643847370505	Marionette	INFO	Listening on port 52274
1643847370702	RemoteAgent	WARN	TLS certificate errors will be ignored for this session
JavaScript warning: https://moovitapp.com/c3650cdf-216a-4ba2-80b0-9d6c540b105e58d2670b-ea0f-484e-b88c-0e2c1499ec9bd71e4b42-8570-44e3-89b6-845326fa43b6, line 1: WEBGL_debug_renderer_info is deprecated in Firefox and will be removed. Please use RENDERER.
Unable to read VR Path Registry from C:\Users\Arvind Rathnashyam\AppData\Local\openvr\openvrpaths.vrpath
JavaScript warning: https://moovitapp.com/c3650cdf-216a-4ba2-80b0-9d6c540b105e58d2670b-ea0f-484e-b88c-0e2c1499ec9bd71e4b42-8570-44e3-89b6-845326fa43b6, line 1: WEBGL_debug_renderer_info is deprecated in Firefox and will be removed. Please use RENDERER.
JavaScript error: resource://gre/actors/AutoCompleteChild.jsm, line 125: Error: Invalid autocomplete selectedIndex
JavaScript warning: https://moovitapp.com/c3650cdf-216a-4ba2-80b0-9d6c540b105e58d2670b-ea0f-484e-b88c-0e2c1499ec9bd71e4b42-8570-44e3-89b6-845326fa43b6, line 1: WEBGL_debug_renderer_info is deprecated in Firefox and will be removed. Please use RENDERER.
1643847427249	Marionette	INFO	Stopped listening on port 52274
console.warn: TopSitesFeed: Failed to fetch data from Contile server: NetworkError when attempting to fetch resource.
JavaScript error: chrome://remote/content/marionette/cert.js, line 55: NS_ERROR_NOT_AVAILABLE: Component returned failure code: 0x80040111 (NS_ERROR_NOT_AVAILABLE) [nsICertOverrideService.setDisableAllSecurityChecksAndLetAttackersInterceptMyData]
